# JRE version: OpenJDK Runtime Environment (8.0_191-b12) (build 1.8.0_191-8u191-b12-0ubuntu0.18.04.1-b12)
# Java VM: OpenJDK 64-Bit Server VM (25.191-b12 mixed mode linux-amd64 compressed oops)
Heap:
 PSYoungGen      total 35328K, used 24467K [0x00000000eab00000, 0x00000000ef280000, 0x0000000100000000)
  eden space 34816K, 70% used [0x00000000eab00000,0x00000000ec2ccd60,0x00000000ecd00000)
  from space 512K, 18% used [0x00000000ef200000,0x00000000ef218000,0x00000000ef280000)
  to   space 512K, 0% used [0x00000000ef180000,0x00000000ef180000,0x00000000ef200000)
 ParOldGen       total 120320K, used 69538K [0x00000000c0000000, 0x00000000c7580000, 0x00000000eab00000)
  object space 120320K, 57% used [0x00000000c0000000,0x00000000c43e88d0,0x00000000c7580000)
 Metaspace       used 12392K, capacity 12992K, committed 13312K, reserved 1060864K
  class space    used 1829K, capacity 1939K, committed 2048K, reserved 1048576K
GC Heap History (10 events):
Event: 724.214 GC heap before
{Heap before GC invocations=631 (full 1):
 PSYoungGen      total 37888K, used 37504K [0x00000000eab00000, 0x00000000ef280000, 0x0000000100000000)
  eden space 37376K, 100% used [0x00000000eab00000,0x00000000ecf80000,0x00000000ecf80000)
  from space 512K, 25% used [0x00000000ef180000,0x00000000ef1a0000,0x00000000ef200000)
  to   space 512K, 0% used [0x00000000ef200000,0x00000000ef200000,0x00000000ef280000)
 ParOldGen       total 120320K, used 69538K [0x00000000c0000000, 0x00000000c7580000, 0x00000000eab00000)
  object space 120320K, 57% used [0x00000000c0000000,0x00000000c43e88d0,0x00000000c7580000)
 Metaspace       used 12392K, capacity 12992K, committed 13312K, reserved 1060864K
  class space    used 1829K, capacity 1939K, committed 2048K, reserved 1048576K
Event: 724.215 GC heap after
Heap after GC invocations=631 (full 1):
 PSYoungGen      total 37376K, used 96K [0x00000000eab00000, 0x00000000ef280000, 0x0000000100000000)
  eden space 36864K, 0% used [0x00000000eab00000,0x00000000eab00000,0x00000000ecf00000)
  from space 512K, 18% used [0x00000000ef200000,0x00000000ef218000,0x00000000ef280000)
  to   space 512K, 0% used [0x00000000ef180000,0x00000000ef180000,0x00000000ef200000)
 ParOldGen       total 120320K, used 69538K [0x00000000c0000000, 0x00000000c7580000, 0x00000000eab00000)
  object space 120320K, 57% used [0x00000000c0000000,0x00000000c43e88d0,0x00000000c7580000)
 Metaspace       used 12392K, capacity 12992K, committed 13312K, reserved 1060864K
  class space    used 1829K, capacity 1939K, committed 2048K, reserved 1048576K
}
Event: 724.357 GC heap before
{Heap before GC invocations=632 (full 1):
 PSYoungGen      total 37376K, used 36960K [0x00000000eab00000, 0x00000000ef280000, 0x0000000100000000)
  eden space 36864K, 100% used [0x00000000eab00000,0x00000000ecf00000,0x00000000ecf00000)
  from space 512K, 18% used [0x00000000ef200000,0x00000000ef218000,0x00000000ef280000)
  to   space 512K, 0% used [0x00000000ef180000,0x00000000ef180000,0x00000000ef200000)
 ParOldGen       total 120320K, used 69538K [0x00000000c0000000, 0x00000000c7580000, 0x00000000eab00000)
  object space 120320K, 57% used [0x00000000c0000000,0x00000000c43e88d0,0x00000000c7580000)
 Metaspace       used 12392K, capacity 12992K, committed 13312K, reserved 1060864K
  class space    used 1829K, capacity 1939K, committed 2048K, reserved 1048576K
Event: 724.359 GC heap after
Heap after GC invocations=632 (full 1):
 PSYoungGen      total 36864K, used 96K [0x00000000eab00000, 0x00000000ef280000, 0x0000000100000000)
  eden space 36352K, 0% used [0x00000000eab00000,0x00000000eab00000,0x00000000ece80000)
  from space 512K, 18% used [0x00000000ef180000,0x00000000ef198000,0x00000000ef200000)
  to   space 512K, 0% used [0x00000000ef200000,0x00000000ef200000,0x00000000ef280000)
 ParOldGen       total 120320K, used 69538K [0x00000000c0000000, 0x00000000c7580000, 0x00000000eab00000)
  object space 120320K, 57% used [0x00000000c0000000,0x00000000c43e88d0,0x00000000c7580000)
 Metaspace       used 12392K, capacity 12992K, committed 13312K, reserved 1060864K
  class space    used 1829K, capacity 1939K, committed 2048K, reserved 1048576K
}
Event: 724.484 GC heap before
{Heap before GC invocations=633 (full 1):
 PSYoungGen      total 36864K, used 36448K [0x00000000eab00000, 0x00000000ef280000, 0x0000000100000000)
  eden space 36352K, 100% used [0x00000000eab00000,0x00000000ece80000,0x00000000ece80000)
  from space 512K, 18% used [0x00000000ef180000,0x00000000ef198000,0x00000000ef200000)
  to   space 512K, 0% used [0x00000000ef200000,0x00000000ef200000,0x00000000ef280000)
 ParOldGen       total 120320K, used 69538K [0x00000000c0000000, 0x00000000c7580000, 0x00000000eab00000)
  object space 120320K, 57% used [0x00000000c0000000,0x00000000c43e88d0,0x00000000c7580000)
 Metaspace       used 12392K, capacity 12992K, committed 13312K, reserved 1060864K
  class space    used 1829K, capacity 1939K, committed 2048K, reserved 1048576K
Event: 724.485 GC heap after
Heap after GC invocations=633 (full 1):
 PSYoungGen      total 36352K, used 96K [0x00000000eab00000, 0x00000000ef280000, 0x0000000100000000)
  eden space 35840K, 0% used [0x00000000eab00000,0x00000000eab00000,0x00000000ece00000)
  from space 512K, 18% used [0x00000000ef200000,0x00000000ef218000,0x00000000ef280000)
  to   space 512K, 0% used [0x00000000ef180000,0x00000000ef180000,0x00000000ef200000)
 ParOldGen       total 120320K, used 69538K [0x00000000c0000000, 0x00000000c7580000, 0x00000000eab00000)
  object space 120320K, 57% used [0x00000000c0000000,0x00000000c43e88d0,0x00000000c7580000)
 Metaspace       used 12392K, capacity 12992K, committed 13312K, reserved 1060864K
  class space    used 1829K, capacity 1939K, committed 2048K, reserved 1048576K
}
Event: 724.629 GC heap before
{Heap before GC invocations=634 (full 1):
 PSYoungGen      total 36352K, used 35936K [0x00000000eab00000, 0x00000000ef280000, 0x0000000100000000)
  eden space 35840K, 100% used [0x00000000eab00000,0x00000000ece00000,0x00000000ece00000)
  from space 512K, 18% used [0x00000000ef200000,0x00000000ef218000,0x00000000ef280000)
  to   space 512K, 0% used [0x00000000ef180000,0x00000000ef180000,0x00000000ef200000)
 ParOldGen       total 120320K, used 69538K [0x00000000c0000000, 0x00000000c7580000, 0x00000000eab00000)
  object space 120320K, 57% used [0x00000000c0000000,0x00000000c43e88d0,0x00000000c7580000)
 Metaspace       used 12392K, capacity 12992K, committed 13312K, reserved 1060864K
  class space    used 1829K, capacity 1939K, committed 2048K, reserved 1048576K
Event: 724.629 GC heap after
Heap after GC invocations=634 (full 1):
 PSYoungGen      total 35840K, used 128K [0x00000000eab00000, 0x00000000ef280000, 0x0000000100000000)
  eden space 35328K, 0% used [0x00000000eab00000,0x00000000eab00000,0x00000000ecd80000)
  from space 512K, 25% used [0x00000000ef180000,0x00000000ef1a0000,0x00000000ef200000)
  to   space 512K, 0% used [0x00000000ef200000,0x00000000ef200000,0x00000000ef280000)
 ParOldGen       total 120320K, used 69538K [0x00000000c0000000, 0x00000000c7580000, 0x00000000eab00000)
  object space 120320K, 57% used [0x00000000c0000000,0x00000000c43e88d0,0x00000000c7580000)
 Metaspace       used 12392K, capacity 12992K, committed 13312K, reserved 1060864K
  class space    used 1829K, capacity 1939K, committed 2048K, reserved 1048576K
}
Event: 724.747 GC heap before
{Heap before GC invocations=635 (full 1):
 PSYoungGen      total 35840K, used 35456K [0x00000000eab00000, 0x00000000ef280000, 0x0000000100000000)
  eden space 35328K, 100% used [0x00000000eab00000,0x00000000ecd80000,0x00000000ecd80000)
  from space 512K, 25% used [0x00000000ef180000,0x00000000ef1a0000,0x00000000ef200000)
  to   space 512K, 0% used [0x00000000ef200000,0x00000000ef200000,0x00000000ef280000)
 ParOldGen       total 120320K, used 69538K [0x00000000c0000000, 0x00000000c7580000, 0x00000000eab00000)
  object space 120320K, 57% used [0x00000000c0000000,0x00000000c43e88d0,0x00000000c7580000)
 Metaspace       used 12392K, capacity 12992K, committed 13312K, reserved 1060864K
  class space    used 1829K, capacity 1939K, committed 2048K, reserved 1048576K
Event: 724.748 GC heap after
Heap after GC invocations=635 (full 1):
 PSYoungGen      total 35328K, used 96K [0x00000000eab00000, 0x00000000ef280000, 0x0000000100000000)
  eden space 34816K, 0% used [0x00000000eab00000,0x00000000eab00000,0x00000000ecd00000)
  from space 512K, 18% used [0x00000000ef200000,0x00000000ef218000,0x00000000ef280000)
  to   space 512K, 0% used [0x00000000ef180000,0x00000000ef180000,0x00000000ef200000)
 ParOldGen       total 120320K, used 69538K [0x00000000c0000000, 0x00000000c7580000, 0x00000000eab00000)
  object space 120320K, 57% used [0x00000000c0000000,0x00000000c43e88d0,0x00000000c7580000)
 Metaspace       used 12392K, capacity 12992K, committed 13312K, reserved 1060864K
  class space    used 1829K, capacity 1939K, committed 2048K, reserved 1048576K
}

