# JRE version: OpenJDK Runtime Environment (8.0_191-b12) (build 1.8.0_191-8u191-b12-0ubuntu0.18.04.1-b12)
# Java VM: OpenJDK 64-Bit Server VM (25.191-b12 mixed mode linux-amd64 compressed oops)
Heap:
 PSYoungGen      total 47616K, used 14227K [0x00000000eab00000, 0x00000000f1800000, 0x0000000100000000)
  eden space 47104K, 29% used [0x00000000eab00000,0x00000000eb8ccca8,0x00000000ed900000)
  from space 512K, 18% used [0x00000000f1700000,0x00000000f1718000,0x00000000f1780000)
  to   space 512K, 0% used [0x00000000f1780000,0x00000000f1780000,0x00000000f1800000)
 ParOldGen       total 121856K, used 71734K [0x00000000c0000000, 0x00000000c7700000, 0x00000000eab00000)
  object space 121856K, 58% used [0x00000000c0000000,0x00000000c460d9e0,0x00000000c7700000)
 Metaspace       used 12379K, capacity 12928K, committed 13056K, reserved 1060864K
  class space    used 1829K, capacity 1939K, committed 2048K, reserved 1048576K
GC Heap History (10 events):
Event: 732.790 GC heap before
{Heap before GC invocations=1980 (full 1):
 PSYoungGen      total 54272K, used 53856K [0x00000000eab00000, 0x00000000f1800000, 0x0000000100000000)
  eden space 53760K, 100% used [0x00000000eab00000,0x00000000edf80000,0x00000000edf80000)
  from space 512K, 18% used [0x00000000f1780000,0x00000000f1798000,0x00000000f1800000)
  to   space 512K, 0% used [0x00000000f1700000,0x00000000f1700000,0x00000000f1780000)
 ParOldGen       total 121856K, used 71734K [0x00000000c0000000, 0x00000000c7700000, 0x00000000eab00000)
  object space 121856K, 58% used [0x00000000c0000000,0x00000000c460d9e0,0x00000000c7700000)
 Metaspace       used 12379K, capacity 12928K, committed 13056K, reserved 1060864K
  class space    used 1829K, capacity 1939K, committed 2048K, reserved 1048576K
Event: 732.791 GC heap after
Heap after GC invocations=1980 (full 1):
 PSYoungGen      total 52736K, used 160K [0x00000000eab00000, 0x00000000f1800000, 0x0000000100000000)
  eden space 52224K, 0% used [0x00000000eab00000,0x00000000eab00000,0x00000000ede00000)
  from space 512K, 31% used [0x00000000f1700000,0x00000000f1728000,0x00000000f1780000)
  to   space 512K, 0% used [0x00000000f1780000,0x00000000f1780000,0x00000000f1800000)
 ParOldGen       total 121856K, used 71734K [0x00000000c0000000, 0x00000000c7700000, 0x00000000eab00000)
  object space 121856K, 58% used [0x00000000c0000000,0x00000000c460d9e0,0x00000000c7700000)
 Metaspace       used 12379K, capacity 12928K, committed 13056K, reserved 1060864K
  class space    used 1829K, capacity 1939K, committed 2048K, reserved 1048576K
}
Event: 733.000 GC heap before
{Heap before GC invocations=1981 (full 1):
 PSYoungGen      total 52736K, used 52384K [0x00000000eab00000, 0x00000000f1800000, 0x0000000100000000)
  eden space 52224K, 100% used [0x00000000eab00000,0x00000000ede00000,0x00000000ede00000)
  from space 512K, 31% used [0x00000000f1700000,0x00000000f1728000,0x00000000f1780000)
  to   space 512K, 0% used [0x00000000f1780000,0x00000000f1780000,0x00000000f1800000)
 ParOldGen       total 121856K, used 71734K [0x00000000c0000000, 0x00000000c7700000, 0x00000000eab00000)
  object space 121856K, 58% used [0x00000000c0000000,0x00000000c460d9e0,0x00000000c7700000)
 Metaspace       used 12379K, capacity 12928K, committed 13056K, reserved 1060864K
  class space    used 1829K, capacity 1939K, committed 2048K, reserved 1048576K
Event: 733.001 GC heap after
Heap after GC invocations=1981 (full 1):
 PSYoungGen      total 51200K, used 96K [0x00000000eab00000, 0x00000000f1800000, 0x0000000100000000)
  eden space 50688K, 0% used [0x00000000eab00000,0x00000000eab00000,0x00000000edc80000)
  from space 512K, 18% used [0x00000000f1780000,0x00000000f1798000,0x00000000f1800000)
  to   space 512K, 0% used [0x00000000f1700000,0x00000000f1700000,0x00000000f1780000)
 ParOldGen       total 121856K, used 71734K [0x00000000c0000000, 0x00000000c7700000, 0x00000000eab00000)
  object space 121856K, 58% used [0x00000000c0000000,0x00000000c460d9e0,0x00000000c7700000)
 Metaspace       used 12379K, capacity 12928K, committed 13056K, reserved 1060864K
  class space    used 1829K, capacity 1939K, committed 2048K, reserved 1048576K
}
Event: 733.160 GC heap before
{Heap before GC invocations=1982 (full 1):
 PSYoungGen      total 51200K, used 50784K [0x00000000eab00000, 0x00000000f1800000, 0x0000000100000000)
  eden space 50688K, 100% used [0x00000000eab00000,0x00000000edc80000,0x00000000edc80000)
  from space 512K, 18% used [0x00000000f1780000,0x00000000f1798000,0x00000000f1800000)
  to   space 512K, 0% used [0x00000000f1700000,0x00000000f1700000,0x00000000f1780000)
 ParOldGen       total 121856K, used 71734K [0x00000000c0000000, 0x00000000c7700000, 0x00000000eab00000)
  object space 121856K, 58% used [0x00000000c0000000,0x00000000c460d9e0,0x00000000c7700000)
 Metaspace       used 12379K, capacity 12928K, committed 13056K, reserved 1060864K
  class space    used 1829K, capacity 1939K, committed 2048K, reserved 1048576K
Event: 733.161 GC heap after
Heap after GC invocations=1982 (full 1):
 PSYoungGen      total 49664K, used 96K [0x00000000eab00000, 0x00000000f1800000, 0x0000000100000000)
  eden space 49152K, 0% used [0x00000000eab00000,0x00000000eab00000,0x00000000edb00000)
  from space 512K, 18% used [0x00000000f1700000,0x00000000f1718000,0x00000000f1780000)
  to   space 512K, 0% used [0x00000000f1780000,0x00000000f1780000,0x00000000f1800000)
 ParOldGen       total 121856K, used 71734K [0x00000000c0000000, 0x00000000c7700000, 0x00000000eab00000)
  object space 121856K, 58% used [0x00000000c0000000,0x00000000c460d9e0,0x00000000c7700000)
 Metaspace       used 12379K, capacity 12928K, committed 13056K, reserved 1060864K
  class space    used 1829K, capacity 1939K, committed 2048K, reserved 1048576K
}
Event: 733.324 GC heap before
{Heap before GC invocations=1983 (full 1):
 PSYoungGen      total 49664K, used 49248K [0x00000000eab00000, 0x00000000f1800000, 0x0000000100000000)
  eden space 49152K, 100% used [0x00000000eab00000,0x00000000edb00000,0x00000000edb00000)
  from space 512K, 18% used [0x00000000f1700000,0x00000000f1718000,0x00000000f1780000)
  to   space 512K, 0% used [0x00000000f1780000,0x00000000f1780000,0x00000000f1800000)
 ParOldGen       total 121856K, used 71734K [0x00000000c0000000, 0x00000000c7700000, 0x00000000eab00000)
  object space 121856K, 58% used [0x00000000c0000000,0x00000000c460d9e0,0x00000000c7700000)
 Metaspace       used 12379K, capacity 12928K, committed 13056K, reserved 1060864K
  class space    used 1829K, capacity 1939K, committed 2048K, reserved 1048576K
Event: 733.325 GC heap after
Heap after GC invocations=1983 (full 1):
 PSYoungGen      total 48640K, used 96K [0x00000000eab00000, 0x00000000f1800000, 0x0000000100000000)
  eden space 48128K, 0% used [0x00000000eab00000,0x00000000eab00000,0x00000000eda00000)
  from space 512K, 18% used [0x00000000f1780000,0x00000000f1798000,0x00000000f1800000)
  to   space 512K, 0% used [0x00000000f1700000,0x00000000f1700000,0x00000000f1780000)
 ParOldGen       total 121856K, used 71734K [0x00000000c0000000, 0x00000000c7700000, 0x00000000eab00000)
  object space 121856K, 58% used [0x00000000c0000000,0x00000000c460d9e0,0x00000000c7700000)
 Metaspace       used 12379K, capacity 12928K, committed 13056K, reserved 1060864K
  class space    used 1829K, capacity 1939K, committed 2048K, reserved 1048576K
}
Event: 733.466 GC heap before
{Heap before GC invocations=1984 (full 1):
 PSYoungGen      total 48640K, used 48224K [0x00000000eab00000, 0x00000000f1800000, 0x0000000100000000)
  eden space 48128K, 100% used [0x00000000eab00000,0x00000000eda00000,0x00000000eda00000)
  from space 512K, 18% used [0x00000000f1780000,0x00000000f1798000,0x00000000f1800000)
  to   space 512K, 0% used [0x00000000f1700000,0x00000000f1700000,0x00000000f1780000)
 ParOldGen       total 121856K, used 71734K [0x00000000c0000000, 0x00000000c7700000, 0x00000000eab00000)
  object space 121856K, 58% used [0x00000000c0000000,0x00000000c460d9e0,0x00000000c7700000)
 Metaspace       used 12379K, capacity 12928K, committed 13056K, reserved 1060864K
  class space    used 1829K, capacity 1939K, committed 2048K, reserved 1048576K
Event: 733.467 GC heap after
Heap after GC invocations=1984 (full 1):
 PSYoungGen      total 47616K, used 96K [0x00000000eab00000, 0x00000000f1800000, 0x0000000100000000)
  eden space 47104K, 0% used [0x00000000eab00000,0x00000000eab00000,0x00000000ed900000)
  from space 512K, 18% used [0x00000000f1700000,0x00000000f1718000,0x00000000f1780000)
  to   space 512K, 0% used [0x00000000f1780000,0x00000000f1780000,0x00000000f1800000)
 ParOldGen       total 121856K, used 71734K [0x00000000c0000000, 0x00000000c7700000, 0x00000000eab00000)
  object space 121856K, 58% used [0x00000000c0000000,0x00000000c460d9e0,0x00000000c7700000)
 Metaspace       used 12379K, capacity 12928K, committed 13056K, reserved 1060864K
  class space    used 1829K, capacity 1939K, committed 2048K, reserved 1048576K
}

